---------------------------------------------
Mensaje: Periodo no habilitado: 12345678901.000088
Fecha: 30/10/2007 01:09:55
Usuario: dario
---------------------------------------------
Mensaje: Periodo no habilitado: 12345678901.200512
Fecha: 30/10/2007 01:09:55
Usuario: dario
---------------------------------------------
Mensaje: Periodo no habilitado: 12345678901.200711
Fecha: 30/10/2007 01:09:55
Usuario: dario
---------------------------------------------
Mensaje: Periodo no habilitado: 12345678901.200802
Fecha: 30/10/2007 01:09:55
Usuario: dario
---------------------------------------------
Mensaje: Archivo Recibido: 45565445654.200710
Fecha: 30/10/2007 01:09:55
Usuario: dario
---------------------------------------------
Mensaje: Periodo no habilitado: 55697845600.200710
Fecha: 30/10/2007 01:09:56
Usuario: dario
---------------------------------------------
Mensaje: Periodo no habilitado: 55697845600.200711
Fecha: 30/10/2007 01:09:56
Usuario: dario
---------------------------------------------
Mensaje: Periodo no habilitado: 55697845600.200712
Fecha: 30/10/2007 01:09:56
Usuario: dario
---------------------------------------------
Mensaje: Periodo no habilitado: 55697845600.200801
Fecha: 30/10/2007 01:09:56
Usuario: dario
---------------------------------------------
Mensaje: Archivo Recibido: 66655478541.200710
Fecha: 30/10/2007 01:09:56
Usuario: dario
---------------------------------------------
Mensaje: Periodo no habilitado: 88854785691.200408
Fecha: 30/10/2007 01:09:56
Usuario: dario
---------------------------------------------
Mensaje: Archivo Recibido: 88888888880.200708
Fecha: 30/10/2007 01:09:56
Usuario: dario
---------------------------------------------
Mensaje: Nombre de archivo Incorrecto: 12345.2000110
Fecha: 30/10/2007 01:09:56
Usuario: dario
---------------------------------------------
Mensaje: Nombre de archivo Incorrecto: 12a45678901.200102
Fecha: 30/10/2007 01:09:56
Usuario: dario
